{"level":"info","message":"Starting email configuration test...","service":"attendance-management","timestamp":"2025-09-14 16:12:32"}
{"level":"warn","message":"Email templates directory not found, creating default templates...","service":"attendance-management","timestamp":"2025-09-14 16:12:32"}
{"level":"info","message":"Default email templates created successfully","service":"attendance-management","timestamp":"2025-09-14 16:12:32"}
{"level":"info","message":"Loaded 3 email templates","service":"attendance-management","timestamp":"2025-09-14 16:12:32"}
{"host":"smtp.zoho.com","level":"info","message":"Email transporter initialized successfully","port":587,"service":"attendance-management","timestamp":"2025-09-14 16:12:32","user":"no-reply@optibottech.com"}
{"level":"info","message":"Email connection verified successfully","service":"attendance-management","timestamp":"2025-09-14 16:12:34"}
{"level":"info","message":"Email sent successfully:","messageId":"<d9cd99a5-9c54-7c37-7ce0-af9ee82a827e@optibottech.com>","service":"attendance-management","subject":"Test Email - Attendance Management System","timestamp":"2025-09-14 16:12:38","to":"no-reply@optibottech.com"}
{"level":"info","message":"Starting email configuration test...","service":"attendance-management","timestamp":"2025-09-14 16:12:45"}
{"level":"info","message":"Loaded 3 email templates","service":"attendance-management","timestamp":"2025-09-14 16:12:46"}
{"host":"smtp.zoho.com","level":"info","message":"Email transporter initialized successfully","port":587,"service":"attendance-management","timestamp":"2025-09-14 16:12:46","user":"no-reply@optibottech.com"}
{"level":"info","message":"Email connection verified successfully","service":"attendance-management","timestamp":"2025-09-14 16:12:48"}
{"level":"info","message":"Email sent successfully:","messageId":"<d73a11fe-dabb-d58c-90db-cc170cda9cb5@optibottech.com>","service":"attendance-management","subject":"Test Email - Attendance Management System","timestamp":"2025-09-14 16:12:51","to":"no-reply@optibottech.com"}
{"code":"EENVELOPE","command":"API","level":"error","message":"Failed to send email: No recipients defined","service":"attendance-management","stack":"Error: No recipients defined\n    at SMTPConnection._formatError (C:\\Users\\m.hakkim\\Desktop\\Ashik\\Attendance\\backend\\node_modules\\nodemailer\\lib\\smtp-connection\\index.js:809:19)\n    at SMTPConnection._setEnvelope (C:\\Users\\m.hakkim\\Desktop\\Ashik\\Attendance\\backend\\node_modules\\nodemailer\\lib\\smtp-connection\\index.js:1047:34)\n    at SMTPConnection.send (C:\\Users\\m.hakkim\\Desktop\\Ashik\\Attendance\\backend\\node_modules\\nodemailer\\lib\\smtp-connection\\index.js:631:14)\n    at sendMessage (C:\\Users\\m.hakkim\\Desktop\\Ashik\\Attendance\\backend\\node_modules\\nodemailer\\lib\\smtp-transport\\index.js:228:28)\n    at C:\\Users\\m.hakkim\\Desktop\\Ashik\\Attendance\\backend\\node_modules\\nodemailer\\lib\\smtp-transport\\index.js:286:25\n    at SMTPConnection._actionAUTHComplete (C:\\Users\\m.hakkim\\Desktop\\Ashik\\Attendance\\backend\\node_modules\\nodemailer\\lib\\smtp-connection\\index.js:1602:9)\n    at SMTPConnection.<anonymous> (C:\\Users\\m.hakkim\\Desktop\\Ashik\\Attendance\\backend\\node_modules\\nodemailer\\lib\\smtp-connection\\index.js:556:26)\n    at SMTPConnection._processResponse (C:\\Users\\m.hakkim\\Desktop\\Ashik\\Attendance\\backend\\node_modules\\nodemailer\\lib\\smtp-connection\\index.js:993:20)\n    at SMTPConnection._onData (C:\\Users\\m.hakkim\\Desktop\\Ashik\\Attendance\\backend\\node_modules\\nodemailer\\lib\\smtp-connection\\index.js:774:14)\n    at SMTPConnection._onSocketData (C:\\Users\\m.hakkim\\Desktop\\Ashik\\Attendance\\backend\\node_modules\\nodemailer\\lib\\smtp-connection\\index.js:195:44)","timestamp":"2025-09-14 16:12:53"}
{"level":"info","message":"Using mock biometric service","service":"attendance-management","timestamp":"2025-09-15T04:37:05.242Z"}
{"level":"info","message":"Using mock biometric service","service":"attendance-management","timestamp":"2025-09-15T04:43:01.734Z"}
{"category":"system","event":"startup","level":"info","message":"System Startup: v1.0 on port 0 Using mock biometric service","port":0,"service":"attendance-management","timestamp":"2025-09-15T05:56:49.719Z","version":"1.0"}
{"level":"info","message":"Attempting to connect to MongoDB...","service":"attendance-management","timestamp":"2025-09-15T05:56:49.863Z","uri":"mongodb+srv://***:***@cluster0.0zte0kg.mongodb.net/attendance_management?retryWrites=true&w=majority&appName=Cluster0"}
{"host":"ac-brzcjtq-shard-00-00.0zte0kg.mongodb.net","level":"info","message":"MongoDB connected successfully","name":"attendance_management","port":27017,"service":"attendance-management","timestamp":"2025-09-15T05:56:50.737Z"}
{"category":"system","event":"startup","level":"info","message":"System Startup: v1.0 on port 0 Using mock biometric service","port":0,"service":"attendance-management","timestamp":"2025-09-15T05:58:59.999Z","version":"1.0"}
{"level":"info","message":"Attempting to connect to MongoDB...","service":"attendance-management","timestamp":"2025-09-15T05:59:00.130Z","uri":"mongodb+srv://***:***@cluster0.0zte0kg.mongodb.net/attendance_management?retryWrites=true&w=majority&appName=Cluster0"}
{"host":"ac-brzcjtq-shard-00-02.0zte0kg.mongodb.net","level":"info","message":"MongoDB connected successfully","name":"attendance_management","port":27017,"service":"attendance-management","timestamp":"2025-09-15T05:59:00.640Z"}
{"category":"api","endpoint":"/api/auth/login","errors":[{"field":"identifier","message":"Username or email is required"}],"event":"validation_error","ip":"::1","level":"warn","message":"Validation Error: /api/auth/login","method":"POST","service":"attendance-management","timestamp":"2025-09-15T06:16:16.225Z"}
{"category":"api","endpoint":"/api/auth/login","errors":[{"field":"identifier","message":"Username or email is required"}],"event":"validation_error","ip":"::1","level":"warn","message":"Validation Error: /api/auth/login","method":"POST","service":"attendance-management","timestamp":"2025-09-15T06:16:43.683Z"}
{"category":"api","endpoint":"/api/auth/login","errors":[{"field":"identifier","message":"Username or email is required"}],"event":"validation_error","ip":"::1","level":"warn","message":"Validation Error: /api/auth/login","method":"POST","service":"attendance-management","timestamp":"2025-09-15T06:16:49.822Z"}
{"category":"api","endpoint":"/api/auth/login","errors":[{"field":"identifier","message":"Username or email is required"}],"event":"validation_error","ip":"::1","level":"warn","message":"Validation Error: /api/auth/login","method":"POST","service":"attendance-management","timestamp":"2025-09-15T06:16:52.156Z"}
{"category":"api","endpoint":"/api/auth/login","errors":[{"field":"identifier","message":"Username or email is required"}],"event":"validation_error","ip":"::1","level":"warn","message":"Validation Error: /api/auth/login","method":"POST","service":"attendance-management","timestamp":"2025-09-15T06:17:41.350Z"}
{"category":"system","event":"startup","level":"info","message":"System Startup: v1.0 on port 0 Using mock biometric service","port":0,"service":"attendance-management","timestamp":"2025-09-15T07:07:29.313Z","version":"1.0"}
{"level":"info","message":"Attempting to connect to MongoDB...","service":"attendance-management","timestamp":"2025-09-15T07:07:29.431Z","uri":"mongodb+srv://***:***@cluster0.0zte0kg.mongodb.net/attendance_management?retryWrites=true&w=majority&appName=Cluster0"}
{"host":"ac-brzcjtq-shard-00-01.0zte0kg.mongodb.net","level":"info","message":"MongoDB connected successfully","name":"attendance_management","port":27017,"service":"attendance-management","timestamp":"2025-09-15T07:07:29.883Z"}
{"category":"system","event":"startup","level":"info","message":"System Startup: v1.0 on port 0 Using mock biometric service","port":0,"service":"attendance-management","timestamp":"2025-09-15T07:13:08.504Z","version":"1.0"}
{"level":"info","message":"Attempting to connect to MongoDB...","service":"attendance-management","timestamp":"2025-09-15T07:13:08.634Z","uri":"mongodb+srv://***:***@cluster0.0zte0kg.mongodb.net/attendance_management?retryWrites=true&w=majority&appName=Cluster0"}
{"host":"ac-brzcjtq-shard-00-02.0zte0kg.mongodb.net","level":"info","message":"MongoDB connected successfully","name":"attendance_management","port":27017,"service":"attendance-management","timestamp":"2025-09-15T07:13:09.125Z"}
{"category":"system","event":"startup","level":"info","message":"System Startup: v1.0 on port 0 Using mock biometric service","port":0,"service":"attendance-management","timestamp":"2025-09-15T07:39:26.473Z","version":"1.0"}
{"level":"info","message":"Attempting to connect to MongoDB...","service":"attendance-management","timestamp":"2025-09-15T07:39:26.623Z","uri":"mongodb+srv://***:***@cluster0.0zte0kg.mongodb.net/attendance_management?retryWrites=true&w=majority&appName=Cluster0"}
{"host":"ac-brzcjtq-shard-00-01.0zte0kg.mongodb.net","level":"info","message":"MongoDB connected successfully","name":"attendance_management","port":27017,"service":"attendance-management","timestamp":"2025-09-15T07:39:27.419Z"}
{"category":"system","event":"startup","level":"info","message":"System Startup: v1.0 on port 0 Using mock biometric service","port":0,"service":"attendance-management","timestamp":"2025-09-15T09:22:19.240Z","version":"1.0"}
{"level":"info","message":"Attempting to connect to MongoDB...","service":"attendance-management","timestamp":"2025-09-15T09:22:19.363Z","uri":"mongodb+srv://***:***@cluster0.0zte0kg.mongodb.net/attendance_management?retryWrites=true&w=majority&appName=Cluster0"}
{"host":"ac-brzcjtq-shard-00-00.0zte0kg.mongodb.net","level":"info","message":"MongoDB connected successfully","name":"attendance_management","port":27017,"service":"attendance-management","timestamp":"2025-09-15T09:22:19.832Z"}
{"category":"api","endpoint":"/api/auth/login","errors":[{"field":"identifier","message":"Username or email is required"}],"event":"validation_error","ip":"::1","level":"warn","message":"Validation Error: /api/auth/login","method":"POST","service":"attendance-management","timestamp":"2025-09-15T10:15:22.301Z"}
{"category":"api","endpoint":"/api/auth/login","errors":[{"field":"identifier","message":"Username or email is required"}],"event":"validation_error","ip":"::1","level":"warn","message":"Validation Error: /api/auth/login","method":"POST","service":"attendance-management","timestamp":"2025-09-15T10:17:53.364Z"}
{"level":"info","message":"Using mock biometric service","service":"attendance-management","timestamp":"2025-09-16 15:25:30"}
{"level":"info","message":"Attempting to connect to MongoDB...","service":"attendance-management","timestamp":"2025-09-16 15:25:30","uri":"mongodb+srv://***:***@cluster0.0zte0kg.mongodb.net/attendance_management?retryWrites=true&w=majority&appName=Cluster0"}
{"host":"ac-brzcjtq-shard-00-00.0zte0kg.mongodb.net","level":"info","message":"MongoDB connected successfully","name":"attendance_management","port":27017,"service":"attendance-management","timestamp":"2025-09-16 15:25:31"}
{"level":"info","message":"Using mock biometric service","service":"attendance-management","timestamp":"2025-09-16 15:29:24"}
{"level":"info","message":"Attempting to connect to MongoDB...","service":"attendance-management","timestamp":"2025-09-16 15:29:24","uri":"mongodb+srv://***:***@cluster0.0zte0kg.mongodb.net/attendance_management?retryWrites=true&w=majority&appName=Cluster0"}
{"host":"ac-brzcjtq-shard-00-00.0zte0kg.mongodb.net","level":"info","message":"MongoDB connected successfully","name":"attendance_management","port":27017,"service":"attendance-management","timestamp":"2025-09-16 15:29:26"}
{"level":"info","message":"Closing MongoDB connection...","service":"attendance-management","timestamp":"2025-09-16 15:30:02"}
{"level":"info","message":"Using mock biometric service","service":"attendance-management","timestamp":"2025-09-16 15:30:15"}
{"level":"info","message":"Attempting to connect to MongoDB...","service":"attendance-management","timestamp":"2025-09-16 15:30:15","uri":"mongodb+srv://***:***@cluster0.0zte0kg.mongodb.net/attendance_management?retryWrites=true&w=majority&appName=Cluster0"}
{"host":"ac-brzcjtq-shard-00-01.0zte0kg.mongodb.net","level":"info","message":"MongoDB connected successfully","name":"attendance_management","port":27017,"service":"attendance-management","timestamp":"2025-09-16 15:30:16"}
{"level":"info","message":"Closing MongoDB connection...","service":"attendance-management","timestamp":"2025-09-16 15:33:29"}
{"level":"info","message":"Using mock biometric service","service":"attendance-management","timestamp":"2025-09-16 15:41:01"}
{"level":"info","message":"Attempting to connect to MongoDB...","service":"attendance-management","timestamp":"2025-09-16 15:41:01","uri":"mongodb+srv://***:***@cluster0.0zte0kg.mongodb.net/attendance_management?retryWrites=true&w=majority&appName=Cluster0"}
{"host":"ac-brzcjtq-shard-00-00.0zte0kg.mongodb.net","level":"info","message":"MongoDB connected successfully","name":"attendance_management","port":27017,"service":"attendance-management","timestamp":"2025-09-16 15:41:03"}
{"level":"info","message":"Using mock biometric service","service":"attendance-management","timestamp":"2025-09-16 15:42:29"}
{"level":"info","message":"Attempting to connect to MongoDB...","service":"attendance-management","timestamp":"2025-09-16 15:42:29","uri":"mongodb+srv://***:***@cluster0.0zte0kg.mongodb.net/attendance_management?retryWrites=true&w=majority&appName=Cluster0"}
{"host":"ac-brzcjtq-shard-00-01.0zte0kg.mongodb.net","level":"info","message":"MongoDB connected successfully","name":"attendance_management","port":27017,"service":"attendance-management","timestamp":"2025-09-16 15:42:30"}
{"level":"info","message":"Closing MongoDB connection...","service":"attendance-management","timestamp":"2025-09-16 16:00:17"}
{"level":"info","message":"Using mock biometric service","service":"attendance-management","timestamp":"2025-09-16 16:46:02"}
{"level":"info","message":"Attempting to connect to MongoDB...","service":"attendance-management","timestamp":"2025-09-16 16:46:02","uri":"mongodb+srv://***:***@cluster0.0zte0kg.mongodb.net/attendance_management?retryWrites=true&w=majority&appName=Cluster0"}
{"host":"ac-brzcjtq-shard-00-01.0zte0kg.mongodb.net","level":"info","message":"MongoDB connected successfully","name":"attendance_management","port":27017,"service":"attendance-management","timestamp":"2025-09-16 16:46:03"}
{"level":"info","message":"Using mock biometric service","service":"attendance-management","timestamp":"2025-09-16 16:53:39"}
{"level":"info","message":"Attempting to connect to MongoDB...","service":"attendance-management","timestamp":"2025-09-16 16:53:39","uri":"mongodb+srv://***:***@cluster0.0zte0kg.mongodb.net/attendance_management?retryWrites=true&w=majority&appName=Cluster0"}
{"host":"ac-brzcjtq-shard-00-01.0zte0kg.mongodb.net","level":"info","message":"MongoDB connected successfully","name":"attendance_management","port":27017,"service":"attendance-management","timestamp":"2025-09-16 16:53:39"}
{"level":"info","message":"Using mock biometric service","service":"attendance-management","timestamp":"2025-09-16 16:54:15"}
{"level":"info","message":"Attempting to connect to MongoDB...","service":"attendance-management","timestamp":"2025-09-16 16:54:15","uri":"mongodb+srv://***:***@cluster0.0zte0kg.mongodb.net/attendance_management?retryWrites=true&w=majority&appName=Cluster0"}
{"host":"ac-brzcjtq-shard-00-02.0zte0kg.mongodb.net","level":"info","message":"MongoDB connected successfully","name":"attendance_management","port":27017,"service":"attendance-management","timestamp":"2025-09-16 16:54:15"}
{"level":"info","message":"Closing MongoDB connection...","service":"attendance-management","timestamp":"2025-09-16 16:55:11"}
{"level":"info","message":"Using mock biometric service","service":"attendance-management","timestamp":"2025-09-16 17:05:18"}
{"level":"info","message":"Attempting to connect to MongoDB...","service":"attendance-management","timestamp":"2025-09-16 17:05:19","uri":"mongodb+srv://***:***@cluster0.0zte0kg.mongodb.net/attendance_management?retryWrites=true&w=majority&appName=Cluster0"}
{"host":"ac-brzcjtq-shard-00-02.0zte0kg.mongodb.net","level":"info","message":"MongoDB connected successfully","name":"attendance_management","port":27017,"service":"attendance-management","timestamp":"2025-09-16 17:05:19"}
{"level":"info","message":"Closing MongoDB connection...","service":"attendance-management","timestamp":"2025-09-16 17:08:04"}
{"level":"info","message":"Using mock biometric service","service":"attendance-management","timestamp":"2025-09-16 17:08:27"}
{"level":"info","message":"Attempting to connect to MongoDB...","service":"attendance-management","timestamp":"2025-09-16 17:08:27","uri":"mongodb+srv://***:***@cluster0.0zte0kg.mongodb.net/attendance_management?retryWrites=true&w=majority&appName=Cluster0"}
{"host":"ac-brzcjtq-shard-00-00.0zte0kg.mongodb.net","level":"info","message":"MongoDB connected successfully","name":"attendance_management","port":27017,"service":"attendance-management","timestamp":"2025-09-16 17:08:27"}
{"level":"info","message":"Using mock biometric service","service":"attendance-management","timestamp":"2025-09-17 08:35:31"}
{"level":"info","message":"Attempting to connect to MongoDB...","service":"attendance-management","timestamp":"2025-09-17 08:35:31","uri":"mongodb+srv://***:***@cluster0.0zte0kg.mongodb.net/attendance_management?retryWrites=true&w=majority&appName=Cluster0"}
{"host":"ac-brzcjtq-shard-00-02.0zte0kg.mongodb.net","level":"info","message":"MongoDB connected successfully","name":"attendance_management","port":27017,"service":"attendance-management","timestamp":"2025-09-17 08:35:32"}
{"level":"info","message":"Closing MongoDB connection...","service":"attendance-management","timestamp":"2025-09-17 08:42:14"}
